<?xml version="1.0" encoding="UTF-8"?>
<!-- Generated by org.testng.reporters.JUnitReportReporter -->
<testsuite hostname="DESKTOP-PIQUJP3" failures="0" tests="1" name="org.oOpenCart.AppTest" time="39.773" errors="0" timestamp="2023-07-14T15:42:13 IST" skipped="0">
  <testcase classname="org.oOpenCart.AppTest" name="launchURL" time="39.773"/>
  <system-out/>
</testsuite> <!-- org.oOpenCart.AppTest -->
